GROUP,PACKAGE,CLASS,INSTRUCTION_MISSED,INSTRUCTION_COVERED,BRANCH_MISSED,BRANCH_COVERED,LINE_MISSED,LINE_COVERED,COMPLEXITY_MISSED,COMPLEXITY_COVERED,METHOD_MISSED,METHOD_COVERED
Commons JXPath,org.apache.commons.jxpath.ri.model.dynamic,DynamicAttributeIterator,14,0,0,0,5,0,2,0,2,0
Commons JXPath,org.apache.commons.jxpath.ri.model.dynamic,DynamicPointerFactory,0,55,0,6,0,18,0,7,0,4
Commons JXPath,org.apache.commons.jxpath.ri.model.dynamic,DynamicPropertyPointer,99,358,16,42,19,87,13,33,0,17
Commons JXPath,org.apache.commons.jxpath.ri.model.dynamic,DynamicPointer,13,105,5,9,3,25,7,14,2,12
Commons JXPath,org.apache.commons.jxpath.ri.model.dynamic,DynamicPropertyIterator,7,0,0,0,2,0,1,0,1,0
Commons JXPath,org.apache.commons.jxpath.xml,JDOMParser,12,26,1,1,3,8,1,2,0,2
Commons JXPath,org.apache.commons.jxpath.xml,XMLParser2,0,63,0,0,0,25,0,13,0,13
Commons JXPath,org.apache.commons.jxpath.xml,DOMParser,7,34,0,0,2,10,0,2,0,2
Commons JXPath,org.apache.commons.jxpath.xml,DocumentContainer,70,128,7,9,13,40,9,8,3,6
Commons JXPath,org.apache.commons.jxpath.util,KeyManagerUtils,3,11,0,2,1,1,1,2,1,1
Commons JXPath,org.apache.commons.jxpath.util,KeyManagerUtils.SingleNodeExtendedKeyManager,7,23,0,0,1,7,1,2,1,2
Commons JXPath,org.apache.commons.jxpath.util,TypeUtils.new HashMap() {...},8,91,8,8,0,10,8,1,0,1
Commons JXPath,org.apache.commons.jxpath.util,BasicTypeConverter.ValueNodeSet,50,0,4,0,11,0,6,0,4,0
Commons JXPath,org.apache.commons.jxpath.util,MethodLookupUtils,88,402,32,70,23,116,30,27,1,5
Commons JXPath,org.apache.commons.jxpath.util,ValueUtils,370,578,58,92,78,168,46,49,1,19
Commons JXPath,org.apache.commons.jxpath.util,JXPath11CompatibleTypeConverter,12,17,3,3,1,2,3,3,1,2
Commons JXPath,org.apache.commons.jxpath.util,BasicTypeConverter,544,707,125,173,80,153,95,63,0,9
Commons JXPath,org.apache.commons.jxpath.util,ReverseComparator,0,13,0,0,0,4,0,3,0,3
Commons JXPath,org.apache.commons.jxpath.util,BasicTypeConverter.ValuePointer,93,0,12,0,21,0,14,0,8,0
Commons JXPath,org.apache.commons.jxpath.util,TypeUtils,3,34,0,2,1,8,1,7,1,6
Commons JXPath,org.apache.commons.jxpath.ri.model,NodePointer,268,684,41,113,46,160,47,82,14,38
Commons JXPath,org.apache.commons.jxpath.ri.model,VariablePointer.new NullPointer() {...},14,8,0,0,2,1,1,1,1,1
Commons JXPath,org.apache.commons.jxpath.ri.model,VariablePointerFactory.VariableContextWrapper,0,9,0,0,0,4,0,2,0,2
Commons JXPath,org.apache.commons.jxpath.ri.model,VariablePointer,177,421,35,47,30,107,35,35,5,24
Commons JXPath,org.apache.commons.jxpath.ri.model,VariablePointerFactory,0,51,0,6,0,14,0,8,0,5
Commons JXPath,org.apache.commons.jxpath.ri.parser,XPathParser.JJCalls,0,3,0,0,0,1,0,1,0,1
Commons JXPath,org.apache.commons.jxpath.ri.parser,TokenMgrError,187,0,18,0,41,0,21,0,8,0
Commons JXPath,org.apache.commons.jxpath.ri.parser,XPathParserConstants,360,0,0,0,1,0,1,0,1,0
Commons JXPath,org.apache.commons.jxpath.ri.parser,Token,3,9,0,0,1,3,1,2,1,2
Commons JXPath,org.apache.commons.jxpath.ri.parser,XPathParserTokenManager,1976,4269,445,427,405,624,304,305,9,36
Commons JXPath,org.apache.commons.jxpath.ri.parser,XPathParser,3901,5822,1353,1084,332,1548,900,619,11,238
Commons JXPath,org.apache.commons.jxpath.ri.parser,ParseException,377,0,34,0,67,0,26,0,5,0
Commons JXPath,org.apache.commons.jxpath.ri.parser,SimpleCharStream,661,315,38,18,109,70,38,19,14,14
Commons JXPath,org.apache.commons.jxpath.ri,QName,2,84,1,9,1,19,1,11,0,7
Commons JXPath,org.apache.commons.jxpath.ri,EvalContext,81,279,15,64,20,88,14,48,4,18
Commons JXPath,org.apache.commons.jxpath.ri,JXPathContextReferenceImpl,225,769,25,71,36,205,27,66,4,41
Commons JXPath,org.apache.commons.jxpath.ri,Parser,86,32,4,0,18,8,5,2,3,2
Commons JXPath,org.apache.commons.jxpath.ri,JXPathCompiledExpression,88,12,0,0,23,5,12,2,12,2
Commons JXPath,org.apache.commons.jxpath.ri,JXPathContextFactoryReferenceImpl,0,9,0,0,0,3,0,2,0,2
Commons JXPath,org.apache.commons.jxpath.ri,NamespaceResolver,78,118,20,14,22,29,15,15,3,10
Commons JXPath,org.apache.commons.jxpath.ri,InfoSetUtil,58,233,19,53,15,57,18,24,1,5
Commons JXPath,org.apache.commons.jxpath.ri,JXPathContextReferenceImpl.new Comparator() {...},0,15,0,0,0,4,0,2,0,2
Commons JXPath,org.apache.commons.jxpath.ri.compiler,CoreOperationLessThan,0,21,0,2,0,4,0,4,0,3
Commons JXPath,org.apache.commons.jxpath.ri.compiler,Step,10,197,10,40,3,51,9,29,0,7
Commons JXPath,org.apache.commons.jxpath.ri.compiler,ExpressionPath,50,230,21,33,9,49,17,19,2,7
Commons JXPath,org.apache.commons.jxpath.ri.compiler,ProcessingInstructionTest,0,21,0,0,0,5,0,3,0,3
Commons JXPath,org.apache.commons.jxpath.ri.compiler,CoreOperationUnion,2,52,0,4,1,11,1,6,1,4
Commons JXPath,org.apache.commons.jxpath.ri.compiler,Expression.ValueIterator,5,22,1,1,1,6,2,3,1,3
Commons JXPath,org.apache.commons.jxpath.ri.compiler,NodeTest,0,3,0,0,0,1,0,1,0,1
Commons JXPath,org.apache.commons.jxpath.ri.compiler,CoreOperationAnd,2,29,0,4,1,8,1,6,1,4
Commons JXPath,org.apache.commons.jxpath.ri.compiler,CoreOperationOr,2,29,0,4,1,8,1,6,1,4
Commons JXPath,org.apache.commons.jxpath.ri.compiler,Constant,2,40,0,2,1,12,1,7,1,6
Commons JXPath,org.apache.commons.jxpath.ri.compiler,CoreOperationMod,2,43,0,0,1,7,1,4,1,4
Commons JXPath,org.apache.commons.jxpath.ri.compiler,CoreOperationEqual,0,7,0,0,0,3,0,2,0,2
Commons JXPath,org.apache.commons.jxpath.ri.compiler,LocationPath,0,89,1,15,0,21,1,13,0,6
Commons JXPath,org.apache.commons.jxpath.ri.compiler,NodeTypeTest,2,30,1,4,1,10,1,7,0,4
Commons JXPath,org.apache.commons.jxpath.ri.compiler,CoreOperationMultiply,2,40,0,0,1,7,1,4,1,4
Commons JXPath,org.apache.commons.jxpath.ri.compiler,TreeCompiler,2,316,2,18,1,56,2,40,0,32
Commons JXPath,org.apache.commons.jxpath.ri.compiler,CoreOperation,0,113,0,18,0,22,0,13,0,4
Commons JXPath,org.apache.commons.jxpath.ri.compiler,CoreOperationRelationalExpression,18,151,5,31,5,37,5,21,0,8
Commons JXPath,org.apache.commons.jxpath.ri.compiler,Expression,28,84,3,9,4,21,3,8,0,5
Commons JXPath,org.apache.commons.jxpath.ri.compiler,CoreOperationNegate,2,27,0,0,1,6,1,4,1,4
Commons JXPath,org.apache.commons.jxpath.ri.compiler,Expression.PointerIterator,6,30,1,1,1,8,2,3,1,3
Commons JXPath,org.apache.commons.jxpath.ri.compiler,CoreOperationGreaterThan,0,21,0,2,0,4,0,4,0,3
Commons JXPath,org.apache.commons.jxpath.ri.compiler,NodeNameTest,0,31,0,0,0,11,0,6,0,6
Commons JXPath,org.apache.commons.jxpath.ri.compiler,ExtensionFunction,19,123,1,15,3,27,2,13,1,6
Commons JXPath,org.apache.commons.jxpath.ri.compiler,CoreOperationLessThanOrEqual,1,20,1,1,0,4,1,3,0,3
Commons JXPath,org.apache.commons.jxpath.ri.compiler,VariableReference,5,28,0,0,2,7,2,5,2,5
Commons JXPath,org.apache.commons.jxpath.ri.compiler,CoreOperationDivide,2,40,0,0,1,7,1,4,1,4
Commons JXPath,org.apache.commons.jxpath.ri.compiler,Operation,0,31,0,6,0,9,0,6,0,3
Commons JXPath,org.apache.commons.jxpath.ri.compiler,CoreOperationSubtract,0,42,0,0,0,8,0,5,0,5
Commons JXPath,org.apache.commons.jxpath.ri.compiler,CoreOperationCompare,15,248,7,57,4,58,8,33,1,8
Commons JXPath,org.apache.commons.jxpath.ri.compiler,CoreOperationNotEqual,0,8,0,0,0,3,0,2,0,2
Commons JXPath,org.apache.commons.jxpath.ri.compiler,CoreOperationGreaterThanOrEqual,0,21,0,2,0,4,0,4,0,3
Commons JXPath,org.apache.commons.jxpath.ri.compiler,CoreFunction,140,1239,43,170,32,325,38,142,1,43
Commons JXPath,org.apache.commons.jxpath.ri.compiler,NameAttributeTest,2,10,0,0,1,3,1,2,1,2
Commons JXPath,org.apache.commons.jxpath.ri.compiler,CoreOperationAdd,0,36,0,2,0,9,0,6,0,5
Commons JXPath,org.apache.commons.jxpath.ri.compiler,Path,11,440,8,78,6,105,8,52,0,11
Commons JXPath,org.apache.commons.jxpath.ri.model.dom,DOMPointerFactory,0,29,0,4,0,4,0,6,0,4
Commons JXPath,org.apache.commons.jxpath.ri.model.dom,DOMNodeIterator,24,209,9,41,5,47,7,25,0,7
Commons JXPath,org.apache.commons.jxpath.ri.model.dom,DOMNodePointer,285,1136,85,187,65,287,65,117,2,41
Commons JXPath,org.apache.commons.jxpath.ri.model.dom,DOMAttributeIterator,23,229,10,44,7,56,9,25,0,7
Commons JXPath,org.apache.commons.jxpath.ri.model.dom,DOMAttributePointer,43,118,17,11,9,27,18,13,7,10
Commons JXPath,org.apache.commons.jxpath.ri.model.dom,NamespacePointer,52,79,14,4,15,21,18,6,9,6
Commons JXPath,org.apache.commons.jxpath.ri.model.dom,DOMNamespaceIterator,11,140,11,19,4,34,10,10,0,5
Commons JXPath,org.apache.commons.jxpath.ri.model.jdom,JDOMNamespaceIterator,17,147,11,17,6,33,10,9,0,5
Commons JXPath,org.apache.commons.jxpath.ri.model.jdom,JDOMAttributePointer,27,108,10,8,6,27,13,12,6,10
Commons JXPath,org.apache.commons.jxpath.ri.model.jdom,JDOMAttributeIterator,13,152,7,25,5,42,6,14,0,4
Commons JXPath,org.apache.commons.jxpath.ri.model.jdom,JDOMNodePointer,414,1120,104,193,99,277,87,104,4,37
Commons JXPath,org.apache.commons.jxpath.ri.model.jdom,JDOMPointerFactory,6,39,1,7,1,11,1,7,0,4
Commons JXPath,org.apache.commons.jxpath.ri.model.jdom,JDOMNodeIterator,29,242,7,39,6,56,5,25,0,7
Commons JXPath,org.apache.commons.jxpath.ri.model.jdom,JDOMNamespacePointer,36,79,10,4,8,21,15,6,8,6
Commons JXPath,org.apache.commons.jxpath.servlet,ServletRequestHandler,0,85,0,12,0,26,0,10,0,4
Commons JXPath,org.apache.commons.jxpath.servlet,ServletContextHandler,0,45,0,2,0,11,0,6,0,5
Commons JXPath,org.apache.commons.jxpath.servlet,KeywordVariables,15,25,1,3,3,7,3,4,2,3
Commons JXPath,org.apache.commons.jxpath.servlet,Constants,3,0,0,0,1,0,1,0,1,0
Commons JXPath,org.apache.commons.jxpath.servlet,ServletRequestAndContext,1,22,1,1,0,6,1,3,0,3
Commons JXPath,org.apache.commons.jxpath.servlet,PageScopeContext,0,24,0,0,0,7,0,4,0,4
Commons JXPath,org.apache.commons.jxpath.servlet,PageContextHandler,0,83,0,8,0,22,0,8,0,4
Commons JXPath,org.apache.commons.jxpath.servlet,HttpSessionAndServletContext,0,15,0,0,0,6,0,3,0,3
Commons JXPath,org.apache.commons.jxpath.servlet,PageScopeContextHandler,0,40,0,2,0,9,0,5,0,4
Commons JXPath,org.apache.commons.jxpath.servlet,JXPathServletContexts,13,232,13,21,1,63,14,9,1,5
Commons JXPath,org.apache.commons.jxpath.servlet,HttpSessionHandler,5,65,2,8,1,21,2,7,0,4
Commons JXPath,org.apache.commons.jxpath.ri.model.container,ContainerPointerFactory,0,29,0,4,0,4,0,6,0,4
Commons JXPath,org.apache.commons.jxpath.ri.model.container,ContainerPointer,45,129,11,13,10,29,15,18,6,15
Commons JXPath,org.apache.commons.jxpath.functions,MethodFunction,31,158,3,23,5,35,3,14,1,3
Commons JXPath,org.apache.commons.jxpath.functions,ConstructorFunction,22,78,2,12,4,17,1,9,0,3
Commons JXPath,org.apache.commons.jxpath.ri.model.dynabeans,DynaBeanPointer,31,99,12,14,8,20,13,13,3,10
Commons JXPath,org.apache.commons.jxpath.ri.model.dynabeans,DynaBeanPointerFactory,8,23,1,3,0,4,1,5,0,4
Commons JXPath,org.apache.commons.jxpath.ri.model.dynabeans,DynaBeanPropertyPointer,69,326,17,39,14,80,14,30,0,16
Commons JXPath,org.apache.commons.jxpath.ri.axes,PredicateContext,62,193,21,31,18,61,14,20,2,6
Commons JXPath,org.apache.commons.jxpath.ri.axes,SimplePathInterpreter,63,1032,23,161,11,260,23,93,1,23
Commons JXPath,org.apache.commons.jxpath.ri.axes,ParentContext,13,69,2,10,3,22,3,10,2,5
Commons JXPath,org.apache.commons.jxpath.ri.axes,DescendantContext,23,187,12,26,7,49,9,18,1,7
Commons JXPath,org.apache.commons.jxpath.ri.axes,NodeSetContext,6,60,4,6,1,14,3,8,0,6
Commons JXPath,org.apache.commons.jxpath.ri.axes,ChildContext,11,111,6,18,3,31,5,14,0,7
Commons JXPath,org.apache.commons.jxpath.ri.axes,AncestorContext,4,89,3,13,2,26,3,11,0,6
Commons JXPath,org.apache.commons.jxpath.ri.axes,InitialContext,0,84,2,12,0,23,2,12,0,7
Commons JXPath,org.apache.commons.jxpath.ri.axes,RootContext,103,84,14,4,19,20,16,10,8,9
Commons JXPath,org.apache.commons.jxpath.ri.axes,UnionContext,0,85,0,14,0,20,0,10,0,3
Commons JXPath,org.apache.commons.jxpath.ri.axes,NamespaceContext,24,94,10,10,9,28,8,7,1,4
Commons JXPath,org.apache.commons.jxpath.ri.axes,PrecedingOrFollowingContext,4,259,3,39,2,65,3,24,0,6
Commons JXPath,org.apache.commons.jxpath.ri.axes,SelfContext,8,69,5,9,2,19,4,9,0,6
Commons JXPath,org.apache.commons.jxpath.ri.axes,AttributeContext,24,93,9,9,9,24,7,8,1,5
Commons JXPath,org.apache.commons.jxpath.ri.model.beans,CollectionChildNodeIterator,0,16,0,0,0,4,0,2,0,2
Commons JXPath,org.apache.commons.jxpath.ri.model.beans,CollectionPointerFactory,0,27,0,4,0,4,0,6,0,4
Commons JXPath,org.apache.commons.jxpath.ri.model.beans,BeanAttributeIterator,0,92,6,18,0,17,6,10,0,4
Commons JXPath,org.apache.commons.jxpath.ri.model.beans,PropertyOwnerPointer,34,167,8,20,6,39,8,19,1,12
Commons JXPath,org.apache.commons.jxpath.ri.model.beans,LangAttributePointer,63,15,6,0,18,4,14,3,11,3
Commons JXPath,org.apache.commons.jxpath.ri.model.beans,BeanPointerFactory,6,31,1,1,1,7,1,4,0,4
Commons JXPath,org.apache.commons.jxpath.ri.model.beans,NullPropertyPointer,66,243,6,24,14,56,15,24,9,15
Commons JXPath,org.apache.commons.jxpath.ri.model.beans,NullPointer,61,105,9,11,11,25,12,15,5,12
Commons JXPath,org.apache.commons.jxpath.ri.model.beans,CollectionPointer,95,249,22,28,16,59,21,29,5,20
Commons JXPath,org.apache.commons.jxpath.ri.model.beans,NullElementPointer,56,100,13,9,15,21,18,10,9,8
Commons JXPath,org.apache.commons.jxpath.ri.model.beans,BeanPointer,32,195,13,39,6,44,12,25,0,11
Commons JXPath,org.apache.commons.jxpath.ri.model.beans,CollectionNodeIterator,57,97,10,12,10,26,8,8,1,4
Commons JXPath,org.apache.commons.jxpath.ri.model.beans,BeanPropertyPointer,40,362,14,62,11,104,13,44,0,19
Commons JXPath,org.apache.commons.jxpath.ri.model.beans,PropertyIterator,36,483,13,85,13,141,14,45,2,8
Commons JXPath,org.apache.commons.jxpath.ri.model.beans,PropertyPointer,61,238,14,38,10,60,13,32,3,16
Commons JXPath,org.apache.commons.jxpath.ri.model.beans,CollectionAttributeNodeIterator,0,14,0,0,0,4,0,2,0,2
Commons JXPath,org.apache.commons.jxpath,XMLDocumentContainer,90,0,10,0,24,0,9,0,4,0
Commons JXPath,org.apache.commons.jxpath,JXPathInvalidSyntaxException,0,4,0,0,0,2,0,1,0,1
Commons JXPath,org.apache.commons.jxpath,JXPathContextFactory,156,94,28,8,45,30,17,5,0,4
Commons JXPath,org.apache.commons.jxpath,FunctionLibrary,25,142,5,15,8,37,6,10,2,4
Commons JXPath,org.apache.commons.jxpath,PackageFunctions,68,148,17,25,15,45,14,11,0,4
Commons JXPath,org.apache.commons.jxpath,JXPathTypeConversionException,5,4,0,0,2,2,1,1,1,1
Commons JXPath,org.apache.commons.jxpath,JXPathContext,156,201,21,25,29,67,22,35,8,26
Commons JXPath,org.apache.commons.jxpath,BasicVariables,18,36,1,1,2,9,2,5,1,5
Commons JXPath,org.apache.commons.jxpath,AbstractFactory,4,3,0,0,2,1,2,1,2,1
Commons JXPath,org.apache.commons.jxpath,ClassFunctions,8,72,5,11,4,24,4,8,0,4
Commons JXPath,org.apache.commons.jxpath,MapDynamicPropertyHandler,0,44,0,2,0,11,0,5,0,4
Commons JXPath,org.apache.commons.jxpath,JXPathIntrospector,42,307,22,44,8,68,23,18,1,7
Commons JXPath,org.apache.commons.jxpath,JXPathInvalidAccessException,9,0,0,0,4,0,2,0,2,0
Commons JXPath,org.apache.commons.jxpath,JXPathAbstractFactoryException,0,4,0,0,0,2,0,1,0,1
Commons JXPath,org.apache.commons.jxpath,JXPathFunctionNotFoundException,4,0,0,0,2,0,1,0,1,0
Commons JXPath,org.apache.commons.jxpath,JXPathException,55,17,6,0,16,7,7,3,4,3
Commons JXPath,org.apache.commons.jxpath,JXPathContextFactoryConfigurationError,45,0,4,0,17,0,8,0,6,0
Commons JXPath,org.apache.commons.jxpath,JXPathNotFoundException,0,4,0,0,0,2,0,1,0,1
Commons JXPath,org.apache.commons.jxpath,BasicNodeSet,4,128,3,13,1,32,4,13,1,8
Commons JXPath,org.apache.commons.jxpath,JXPathBasicBeanInfo,90,161,9,15,20,39,7,15,1,9
Commons JXPath,org.apache.commons.jxpath,JXPathBasicBeanInfo.new Comparator() {...},0,11,0,0,0,3,0,2,0,2
